<?xml version="1.0" encoding="UTF-8"?>
<!-- Generated by org.testng.reporters.JUnitXMLReporter -->
<testsuite ignored="0" hostname="SWQA-NV-LEN" failures="0" tests="3" name="Android" time="30.047" errors="0" timestamp="2025-09-13T18:38:08 PDT">
  <testcase classname="com.qa.tests.LoginTests" name="invalidPassword" time="3.776"/>
  <testcase classname="com.qa.tests.LoginTests" name="invalidUserNameTest" time="2.792"/>
  <testcase classname="com.qa.tests.LoginTests" name="successfulLogin" time="3.357"/>
</testsuite> <!-- Android -->
