<?xml version="1.0" encoding="UTF-8"?>
<!-- Generated by org.testng.reporters.JUnitXMLReporter -->
<testsuite ignored="0" hostname="SWQA-NV-LEN" failures="0" tests="3" name="Pixel_8" time="27.131" errors="0" timestamp="2025-09-14T14:59:17 PDT">
  <testcase classname="com.qa.tests.LoginTests" name="invalidPassword" time="6.505"/>
  <testcase classname="com.qa.tests.LoginTests" name="invalidUserNameTest" time="3.01"/>
  <testcase classname="com.qa.tests.LoginTests" name="successfulLogin" time="4.957"/>
</testsuite> <!-- Pixel_8 -->
